<?xml version="1.0" encoding="UTF-8"?>
<beans xmlns="http://www.springframework.org/schema/beans"
	xmlns:xsi="http://www.w3.org/2001/XMLSchema-instance" xmlns:p="http://www.springframework.org/schema/p"
	xmlns:context="http://www.springframework.org/schema/context" xmlns:tx="http://www.springframework.org/schema/tx"
	xsi:schemaLocation="http://www.springframework.org/schema/beans 
                           http://www.springframework.org/schema/beans/spring-beans.xsd
                           http://www.springframework.org/schema/context 
                           http://www.springframework.org/schema/context/spring-context.xsd
                           http://www.springframework.org/schema/tx
                           http://www.springframework.org/schema/tx/spring-tx.xsd">


	<!-- Component-scan does not work in jUnit test, you need to declare all 
		the beans used in test manually :( -->
	<!-- To use class you need to declare the implementation and not the interfaces -->
	<bean id="Utilisateur" class="org.intercom.domain.Utilisateur" />
	<bean id="UtilisateurDao" class="org.intercom.daoImpl.UtilisateurDaoImpl" />
	<bean id="DroitDao" class="org.intercom.daoImpl.DroitDaoImpl" />
	<bean id="ConnexionBdDao" class="org.intercom.daoImpl.ConnexionBdDaoImpl" />
	<bean id="SgbdDao" class="org.intercom.daoImpl.SgbdDaoImpl" />
	<bean id="CustomUserDetailsService" class="org.intercom.springSecurity.CustomUserDetailsService" />

	<tx:annotation-driven />

	<!-- Add JPA support -->
	<bean id="emf"
		class="org.springframework.orm.jpa.LocalContainerEntityManagerFactoryBean">
		<property name="loadTimeWeaver">
			<bean
				class="org.springframework.instrument.classloading.InstrumentationLoadTimeWeaver" />
		</property>
	</bean>

	<!-- Add Transaction support -->
	<bean id="transactionManager" class="org.springframework.orm.jpa.JpaTransactionManager">
		<property name="entityManagerFactory" ref="emf" />
	</bean>

	<!-- Use @Transaction annotations for managing transactions -->
	<tx:annotation-driven transaction-manager="transactionManager" />


</beans>